<?xml version="1.0" encoding="UTF-8"?>
<testng-results ignored="0" total="2" passed="2" failed="0" skipped="0">
  <reporter-output>
  </reporter-output>
  <suite started-at="2020-01-09T11:50:34 EST" name="Suite" finished-at="2020-01-09T11:50:34 EST" duration-ms="22">
    <groups>
    </groups>
    <test started-at="2020-01-09T11:50:34 EST" name="Test" finished-at="2020-01-09T11:50:34 EST" duration-ms="22">
      <class name="com.codebind.TC001">
        <test-method signature="CreateOrder()[pri:0, instance:com.codebind.TC001@192c3f1e]" started-at="2020-01-09T11:50:34 EST" name="CreateOrder" finished-at="2020-01-09T11:50:34 EST" duration-ms="0" status="PASS">
          <reporter-output>
          </reporter-output>
        </test-method> <!-- CreateOrder -->
      </class> <!-- com.codebind.TC001 -->
      <class name="com.codebind.TC002">
        <test-method signature="DeleteOrder()[pri:0, instance:com.codebind.TC002@26b3fd41]" started-at="2020-01-09T11:50:34 EST" name="DeleteOrder" finished-at="2020-01-09T11:50:34 EST" duration-ms="1" status="PASS">
          <reporter-output>
          </reporter-output>
        </test-method> <!-- DeleteOrder -->
      </class> <!-- com.codebind.TC002 -->
    </test> <!-- Test -->
  </suite> <!-- Suite -->
</testng-results>
